{"name": "test_alogin", "status": "broken", "statusDetails": {"message": "selenium.common.exceptions.TimeoutException: Message:", "trace": "self = <testcase.test_demo2.TestDemo2 object at 0x000002360A2B9508>\nbrowser = <selenium.webdriver.chrome.webdriver.WebDriver (session=\"0fe9c4190a6dd281aea3520c67632b1c\")>\n\n    @pytest.mark.run(order=1)\n    @allure.story(\"登录\")\n    @allure.step(\"成功登录\")\n    def test_alogin(self,browser):\n        # self.chrome.start().goto_main().login().creat_company()\n        #self.chrome.goto_main().goto_login().login()\n>       self.chrome.goto_main(browser).goto_login().login()\n\ntest_demo2.py:27: \n_ _ _ _ _ _ _ _ _ _ _ _ _ _ _ _ _ _ _ _ _ _ _ _ _ _ _ _ _ _ _ _ _ _ _ _ _ _ _ _\n..\\page\\loginpage.py:16: in login\n    self.parse(\"../data/loginpage.yml\",\"goto_login\")\n..\\page\\basepage.py:104: in parse\n    self.find_and_click(step.get('locator'), step.get('value'))\n..\\page\\basepage.py:70: in find_and_click\n    self.find(locator, value).click()\n..\\page\\basepage.py:62: in find\n    return self.find_element(locator, value)\n..\\page\\basepage.py:23: in find_element\n    WebDriverWait(driver, 10).until(lambda driver: driver.find_element(*loc).is_displayed())\n_ _ _ _ _ _ _ _ _ _ _ _ _ _ _ _ _ _ _ _ _ _ _ _ _ _ _ _ _ _ _ _ _ _ _ _ _ _ _ _\n\nself = <selenium.webdriver.support.wait.WebDriverWait (session=\"0fe9c4190a6dd281aea3520c67632b1c\")>\nmethod = <function BasePage.find_element.<locals>.<lambda> at 0x000002360A33A708>\nmessage = ''\n\n    def until(self, method, message=''):\n        \"\"\"Calls the method provided with the driver as an argument until the \\\n        return value is not False.\"\"\"\n        screen = None\n        stacktrace = None\n    \n        end_time = time.time() + self._timeout\n        while True:\n            try:\n                value = method(self._driver)\n                if value:\n                    return value\n            except self._ignored_exceptions as exc:\n                screen = getattr(exc, 'screen', None)\n                stacktrace = getattr(exc, 'stacktrace', None)\n            time.sleep(self._poll)\n            if time.time() > end_time:\n                break\n>       raise TimeoutException(message, screen, stacktrace)\nE       selenium.common.exceptions.TimeoutException: Message:\n\n..\\..\\SeleniumProject\\venv\\lib\\site-packages\\selenium\\webdriver\\support\\wait.py:80: TimeoutException"}, "steps": [{"name": "成功登录", "status": "broken", "statusDetails": {"message": "selenium.common.exceptions.TimeoutException: Message: \n\n", "trace": "  File \"D:\\LearnProject\\SeleniumProject\\venv\\lib\\site-packages\\allure_commons\\_allure.py\", line 172, in impl\n    return func(*a, **kw)\n  File \"D:\\LearnProject\\TestProject\\testcase\\test_demo2.py\", line 27, in test_alogin\n    self.chrome.goto_main(browser).goto_login().login()\n  File \"D:\\LearnProject\\TestProject\\page\\loginpage.py\", line 16, in login\n    self.parse(\"../data/loginpage.yml\",\"goto_login\")\n  File \"D:\\LearnProject\\TestProject\\page\\basepage.py\", line 104, in parse\n    self.find_and_click(step.get('locator'), step.get('value'))\n  File \"D:\\LearnProject\\TestProject\\page\\basepage.py\", line 70, in find_and_click\n    self.find(locator, value).click()\n  File \"D:\\LearnProject\\TestProject\\page\\basepage.py\", line 62, in find\n    return self.find_element(locator, value)\n  File \"D:\\LearnProject\\TestProject\\page\\basepage.py\", line 23, in find_element\n    WebDriverWait(driver, 10).until(lambda driver: driver.find_element(*loc).is_displayed())\n  File \"D:\\LearnProject\\SeleniumProject\\venv\\lib\\site-packages\\selenium\\webdriver\\support\\wait.py\", line 80, in until\n    raise TimeoutException(message, screen, stacktrace)\n"}, "parameters": [{"name": "browser", "value": "<selenium.webdriver.chrome.webdriver.WebDriver (session=\"0fe9c4190a6dd281aea3520c67632b1c\")>"}], "start": 1618752232372, "stop": 1618752242678}], "start": 1618752232372, "stop": 1618752242679, "uuid": "8e9da9d1-7d87-4c58-a580-ba1e88e4de62", "historyId": "2f8d6cb02e01ad48229682220e61e969", "testCaseId": "242e6a3309fdc0b638d4ff3c9be3c0a7", "fullName": "test_demo2.TestDemo2#test_alogin", "labels": [{"name": "story", "value": "登录"}, {"name": "feature", "value": "网点模块"}, {"name": "tag", "value": "run(order=1)"}, {"name": "suite", "value": "test_demo2"}, {"name": "subSuite", "value": "TestDemo2"}, {"name": "host", "value": "DESKTOP-17T1KCH"}, {"name": "thread", "value": "21048-MainThread"}, {"name": "framework", "value": "pytest"}, {"name": "language", "value": "cpython3"}, {"name": "package", "value": "test_demo2"}]}